The target system is: dSpaceDS1401 -  - ppc
The host system is: Windows - 10.0.17763 - AMD64
Compiling the C compiler identification source file "CMakeCCompilerId.c" succeeded.
Compiler: C:/ProgramData/dSPACE/071346EA-BFFA-4465-9551-2E48EDF35320/Compiler/PPCTools/bin/mccppc.exe 
Build flags: ;-H;-J{DSPACE_RTLIB};-H;-J{DSPACE_RTLIB}
Id flags:  

The output was:
0


Compilation of the C compiler identification source "CMakeCCompilerId.c" produced "CMakeCCompilerId.abs"

Compilation of the C compiler identification source "CMakeCCompilerId.c" produced "CMakeCCompilerId.src"

Compiling the C compiler identification source file "CMakeCCompilerId.c" succeeded.
Compiler: C:/ProgramData/dSPACE/071346EA-BFFA-4465-9551-2E48EDF35320/Compiler/PPCTools/bin/mccppc.exe 
Build flags: ;-H;-J{DSPACE_RTLIB};-H;-J{DSPACE_RTLIB}
Id flags: -c 

The output was:
0


Compilation of the C compiler identification source "CMakeCCompilerId.c" produced "CMakeCCompilerId.obj"

Compilation of the C compiler identification source "CMakeCCompilerId.c" produced "CMakeCCompilerId.src"

Compiling the C compiler identification source file "CMakeCCompilerId.c" succeeded.
Compiler: C:/ProgramData/dSPACE/071346EA-BFFA-4465-9551-2E48EDF35320/Compiler/PPCTools/bin/mccppc.exe 
Build flags: ;-H;-J{DSPACE_RTLIB};-H;-J{DSPACE_RTLIB}
Id flags: -Aa 

The output was:
0
(W) no file arguments specified


Compiling the C compiler identification source file "CMakeCCompilerId.c" succeeded.
Compiler: C:/ProgramData/dSPACE/071346EA-BFFA-4465-9551-2E48EDF35320/Compiler/PPCTools/bin/mccppc.exe 
Build flags: ;-H;-J{DSPACE_RTLIB};-H;-J{DSPACE_RTLIB}
Id flags: -D__CLASSIC_C__ 

The output was:
0


Compilation of the C compiler identification source "CMakeCCompilerId.c" produced "CMakeCCompilerId.abs"

Compilation of the C compiler identification source "CMakeCCompilerId.c" produced "CMakeCCompilerId.src"

Compiling the C compiler identification source file "CMakeCCompilerId.c" succeeded.
Compiler: C:/ProgramData/dSPACE/071346EA-BFFA-4465-9551-2E48EDF35320/Compiler/PPCTools/bin/mccppc.exe 
Build flags: 
Id flags:  

The output was:
0


Compilation of the C compiler identification source "CMakeCCompilerId.c" produced "CMakeCCompilerId.abs"

Compiling the C compiler identification source file "CMakeCCompilerId.c" succeeded.
Compiler: C:/ProgramData/dSPACE/071346EA-BFFA-4465-9551-2E48EDF35320/Compiler/PPCTools/bin/mccppc.exe 
Build flags: 
Id flags: -c 

The output was:
0


Compilation of the C compiler identification source "CMakeCCompilerId.c" produced "CMakeCCompilerId.obj"

Compiling the C compiler identification source file "CMakeCCompilerId.c" succeeded.
Compiler: C:/ProgramData/dSPACE/071346EA-BFFA-4465-9551-2E48EDF35320/Compiler/PPCTools/bin/mccppc.exe 
Build flags: 
Id flags: -Aa 

The output was:
0
(W) no file arguments specified


Compiling the C compiler identification source file "CMakeCCompilerId.c" succeeded.
Compiler: C:/ProgramData/dSPACE/071346EA-BFFA-4465-9551-2E48EDF35320/Compiler/PPCTools/bin/mccppc.exe 
Build flags: 
Id flags: -D__CLASSIC_C__ 

The output was:
0


Compilation of the C compiler identification source "CMakeCCompilerId.c" produced "CMakeCCompilerId.abs"

Compiling the CXX compiler identification source file "CMakeCXXCompilerId.cpp" succeeded.
Compiler: C:/ProgramData/dSPACE/071346EA-BFFA-4465-9551-2E48EDF35320/Compiler/PPCTools/bin/mccppc.exe 
Build flags: ;-H;-J{DSPACE_RTLIB};-H;-J{DSPACE_RTLIB}
Id flags:  

The output was:
0


Compilation of the CXX compiler identification source "CMakeCXXCompilerId.cpp" produced "CMakeCXXCompilerId.abs"

Compilation of the CXX compiler identification source "CMakeCXXCompilerId.cpp" produced "CMakeCXXCompilerId.src"

Compiling the CXX compiler identification source file "CMakeCXXCompilerId.cpp" succeeded.
Compiler: C:/ProgramData/dSPACE/071346EA-BFFA-4465-9551-2E48EDF35320/Compiler/PPCTools/bin/mccppc.exe 
Build flags: ;-H;-J{DSPACE_RTLIB};-H;-J{DSPACE_RTLIB}
Id flags: -c 

The output was:
0


Compilation of the CXX compiler identification source "CMakeCXXCompilerId.cpp" produced "CMakeCXXCompilerId.obj"

Compilation of the CXX compiler identification source "CMakeCXXCompilerId.cpp" produced "CMakeCXXCompilerId.src"

Compiling the CXX compiler identification source file "CMakeCXXCompilerId.cpp" succeeded.
Compiler: C:/ProgramData/dSPACE/071346EA-BFFA-4465-9551-2E48EDF35320/Compiler/PPCTools/bin/mccppc.exe 
Build flags: ;-H;-J{DSPACE_RTLIB};-H;-J{DSPACE_RTLIB}
Id flags: --c++ 

The output was:
0


Compilation of the CXX compiler identification source "CMakeCXXCompilerId.cpp" produced "CMakeCXXCompilerId.abs"

Compilation of the CXX compiler identification source "CMakeCXXCompilerId.cpp" produced "CMakeCXXCompilerId.src"

Compiling the CXX compiler identification source file "CMakeCXXCompilerId.cpp" succeeded.
Compiler: C:/ProgramData/dSPACE/071346EA-BFFA-4465-9551-2E48EDF35320/Compiler/PPCTools/bin/mccppc.exe 
Build flags: 
Id flags:  

The output was:
0


Compilation of the CXX compiler identification source "CMakeCXXCompilerId.cpp" produced "CMakeCXXCompilerId.abs"

Compiling the CXX compiler identification source file "CMakeCXXCompilerId.cpp" succeeded.
Compiler: C:/ProgramData/dSPACE/071346EA-BFFA-4465-9551-2E48EDF35320/Compiler/PPCTools/bin/mccppc.exe 
Build flags: 
Id flags: -c 

The output was:
0


Compilation of the CXX compiler identification source "CMakeCXXCompilerId.cpp" produced "CMakeCXXCompilerId.obj"

Compiling the CXX compiler identification source file "CMakeCXXCompilerId.cpp" succeeded.
Compiler: C:/ProgramData/dSPACE/071346EA-BFFA-4465-9551-2E48EDF35320/Compiler/PPCTools/bin/mccppc.exe 
Build flags: 
Id flags: --c++ 

The output was:
0


Compilation of the CXX compiler identification source "CMakeCXXCompilerId.cpp" produced "CMakeCXXCompilerId.abs"

Determining if the C compiler works passed with the following output:
Change Dir: D:/MSA/acados_final/acados/buildDS1401/CMakeFiles/CMakeTmp

Run Build Command(s):C:/DSPACE~1/Exe/DSMAKE.EXE cmTC_79e8f/fast && Building C object CMakeFiles/cmTC_79e8f.dir/testCCompiler.c.obj
Linking C executable cmTC_79e8f.exe



Determining if the CXX compiler works passed with the following output:
Change Dir: D:/MSA/acados_final/acados/buildDS1401/CMakeFiles/CMakeTmp

Run Build Command(s):C:/DSPACE~1/Exe/DSMAKE.EXE cmTC_12e05/fast && Building CXX object CMakeFiles/cmTC_12e05.dir/testCXXCompiler.cxx.obj
Linking CXX executable cmTC_12e05.exe



